<?xml version="1.0" encoding="UTF-8"?>
<!-- Generated by org.testng.reporters.JUnitReportReporter -->
<testsuite hostname="C02YQGKGLVCF" failures="0" tests="1" name="testCases.tc2" time="42.182" errors="0" timestamp="16 Jun 2020 19:14:54 GMT" skipped="0">
  <testcase classname="testCases.tc2" name="TC01_add_To_Cart" time="42.182"/>
</testsuite> <!-- testCases.tc2 -->
